[debug] [2023-11-17T12:03:23.820Z] ----------------------------------------------------------------------
[debug] [2023-11-17T12:03:23.822Z] Command:       C:\Program Files\nodejs\node.exe C:\Users\jode2\AppData\Roaming\npm\node_modules\firebase-tools\lib\bin\firebase.js deploy --only functions
[debug] [2023-11-17T12:03:23.823Z] CLI Version:   12.4.7
[debug] [2023-11-17T12:03:23.823Z] Platform:      win32
[debug] [2023-11-17T12:03:23.823Z] Node Version:  v16.13.1
[debug] [2023-11-17T12:03:23.831Z] Time:          Fri Nov 17 2023 15:03:23 GMT+0300 (Arabian Standard Time)
[debug] [2023-11-17T12:03:23.831Z] ----------------------------------------------------------------------
[debug] 
[debug] [2023-11-17T12:03:23.835Z] >>> [apiv2][query] GET https://firebase-public.firebaseio.com/cli.json [none]
[debug] [2023-11-17T12:03:23.996Z] > command requires scopes: ["email","openid","https://www.googleapis.com/auth/cloudplatformprojects.readonly","https://www.googleapis.com/auth/firebase","https://www.googleapis.com/auth/cloud-platform"]
[debug] [2023-11-17T12:03:23.996Z] > authorizing via signed-in user (judydev9955@gmail.com)
[debug] [2023-11-17T12:03:23.997Z] [iam] checking project the-wild-oasis-ea54c for permissions ["cloudfunctions.functions.create","cloudfunctions.functions.delete","cloudfunctions.functions.get","cloudfunctions.functions.list","cloudfunctions.functions.update","cloudfunctions.operations.get","firebase.projects.get"]
[debug] [2023-11-17T12:03:23.998Z] > refreshing access token with scopes: []
[debug] [2023-11-17T12:03:23.999Z] >>> [apiv2][query] POST https://www.googleapis.com/oauth2/v3/token [none]
[debug] [2023-11-17T12:03:23.999Z] >>> [apiv2][body] POST https://www.googleapis.com/oauth2/v3/token [omitted]
[debug] [2023-11-17T12:03:24.440Z] <<< [apiv2][status] POST https://www.googleapis.com/oauth2/v3/token 200
[debug] [2023-11-17T12:03:24.440Z] <<< [apiv2][body] POST https://www.googleapis.com/oauth2/v3/token [omitted]
[debug] [2023-11-17T12:03:24.449Z] >>> [apiv2][query] POST https://cloudresourcemanager.googleapis.com/v1/projects/the-wild-oasis-ea54c:testIamPermissions [none]
[debug] [2023-11-17T12:03:24.449Z] >>> [apiv2][(partial)header] POST https://cloudresourcemanager.googleapis.com/v1/projects/the-wild-oasis-ea54c:testIamPermissions x-goog-quota-user=projects/the-wild-oasis-ea54c
[debug] [2023-11-17T12:03:24.450Z] >>> [apiv2][body] POST https://cloudresourcemanager.googleapis.com/v1/projects/the-wild-oasis-ea54c:testIamPermissions {"permissions":["cloudfunctions.functions.create","cloudfunctions.functions.delete","cloudfunctions.functions.get","cloudfunctions.functions.list","cloudfunctions.functions.update","cloudfunctions.operations.get","firebase.projects.get"]}
[debug] [2023-11-17T12:03:24.639Z] <<< [apiv2][status] GET https://firebase-public.firebaseio.com/cli.json 200
[debug] [2023-11-17T12:03:24.640Z] <<< [apiv2][body] GET https://firebase-public.firebaseio.com/cli.json {"cloudBuildErrorAfter":1594252800000,"cloudBuildWarnAfter":1590019200000,"defaultNode10After":1594252800000,"minVersion":"3.0.5","node8DeploysDisabledAfter":1613390400000,"node8RuntimeDisabledAfter":1615809600000,"node8WarnAfter":1600128000000}
[debug] [2023-11-17T12:03:26.098Z] <<< [apiv2][status] POST https://cloudresourcemanager.googleapis.com/v1/projects/the-wild-oasis-ea54c:testIamPermissions 200
[debug] [2023-11-17T12:03:26.098Z] <<< [apiv2][body] POST https://cloudresourcemanager.googleapis.com/v1/projects/the-wild-oasis-ea54c:testIamPermissions {"permissions":["cloudfunctions.functions.create","cloudfunctions.functions.delete","cloudfunctions.functions.get","cloudfunctions.functions.list","cloudfunctions.functions.update","cloudfunctions.operations.get","firebase.projects.get"]}
[debug] [2023-11-17T12:03:26.098Z] >>> [apiv2][query] POST https://iam.googleapis.com/v1/projects/the-wild-oasis-ea54c/serviceAccounts/the-wild-oasis-ea54c@appspot.gserviceaccount.com:testIamPermissions [none]
[debug] [2023-11-17T12:03:26.099Z] >>> [apiv2][body] POST https://iam.googleapis.com/v1/projects/the-wild-oasis-ea54c/serviceAccounts/the-wild-oasis-ea54c@appspot.gserviceaccount.com:testIamPermissions {"permissions":["iam.serviceAccounts.actAs"]}
[debug] [2023-11-17T12:03:27.754Z] <<< [apiv2][status] POST https://iam.googleapis.com/v1/projects/the-wild-oasis-ea54c/serviceAccounts/the-wild-oasis-ea54c@appspot.gserviceaccount.com:testIamPermissions 200
[debug] [2023-11-17T12:03:27.754Z] <<< [apiv2][body] POST https://iam.googleapis.com/v1/projects/the-wild-oasis-ea54c/serviceAccounts/the-wild-oasis-ea54c@appspot.gserviceaccount.com:testIamPermissions {"permissions":["iam.serviceAccounts.actAs"]}
[info] 
[info] === Deploying to 'the-wild-oasis-ea54c'...
[info] 
[info] i  deploying functions 
[info] Running command: npm --prefix "$RESOURCE_DIR" run lint
